<?xml version="1.0" encoding="UTF-8"?>
<!-- Generated by org.testng.reporters.JUnitXMLReporter -->
<testsuite hostname="Bindu" ignored="0" name="Default test" tests="3" failures="0" timestamp="19 May 2020 15:15:56 GMT" time="37.729" errors="0">
  <testcase name="signOnTest" time="0.82" classname="com.NewTours.TestCase.LogInPageTest"/>
  <testcase name="registerTest" time="1.206" classname="com.NewTours.TestCase.LogInPageTest"/>
  <testcase name="logInTest" time="6.348" classname="com.NewTours.TestCase.LogInPageTest"/>
</testsuite> <!-- Default test -->
