<?xml version="1.0" encoding="UTF-8"?>
<!-- Generated by org.testng.reporters.JUnitXMLReporter -->
<testsuite hostname="Bindu" ignored="0" name="newUserRegistration" tests="2" failures="0" timestamp="20 May 2020 02:19:06 GMT" time="94.697" errors="0">
  <testcase name="register" time="1.169" classname="com.NewToursApplication.NewUserRegistration"/>
  <testcase name="newUserRegistration" time="75.222" classname="com.NewToursApplication.NewUserRegistration"/>
</testsuite> <!-- newUserRegistration -->
