<?xml version="1.0" encoding="UTF-8"?>
<testng-results skipped="0" failed="1" ignored="0" total="3" passed="2">
  <reporter-output>
  </reporter-output>
  <suite name="Default suite" duration-ms="51679" started-at="2020-06-14T11:39:00Z" finished-at="2020-06-14T11:39:51Z">
    <groups>
    </groups>
    <test name="Default test" duration-ms="51679" started-at="2020-06-14T11:39:00Z" finished-at="2020-06-14T11:39:51Z">
      <class name="com.OHRM.OHRM_AddEmployee">
        <test-method status="PASS" signature="setUp()[pri:0, instance:com.OHRM.OHRM_AddEmployee@cb5822]" name="setUp" is-config="true" duration-ms="14446" started-at="2020-06-14T17:09:00Z" finished-at="2020-06-14T17:09:14Z">
          <reporter-output>
          </reporter-output>
        </test-method> <!-- setUp -->
        <test-method status="FAIL" signature="logIn()[pri:1, instance:com.OHRM.OHRM_AddEmployee@cb5822]" name="logIn" duration-ms="4632" started-at="2020-06-14T17:09:14Z" finished-at="2020-06-14T17:09:19Z">
          <exception class="junit.framework.ComparisonFailure">
            <message>
              <![CDATA[Welcome Admin expected:<Admi...> but was:<Failed to LogI...>]]>
            </message>
            <full-stacktrace>
              <![CDATA[junit.framework.ComparisonFailure: Welcome Admin expected:<Admi...> but was:<Failed to LogI...>
	at junit.framework.Assert.assertEquals(Assert.java:81)
	at com.OHRM.OHRM_AddEmployee.logIn(OHRM_AddEmployee.java:55)
	at sun.reflect.NativeMethodAccessorImpl.invoke0(Native Method)
	at sun.reflect.NativeMethodAccessorImpl.invoke(Unknown Source)
	at sun.reflect.DelegatingMethodAccessorImpl.invoke(Unknown Source)
	at java.lang.reflect.Method.invoke(Unknown Source)
	at org.testng.internal.MethodInvocationHelper.invokeMethod(MethodInvocationHelper.java:108)
	at org.testng.internal.Invoker.invokeMethod(Invoker.java:661)
	at org.testng.internal.Invoker.invokeTestMethod(Invoker.java:869)
	at org.testng.internal.Invoker.invokeTestMethods(Invoker.java:1193)
	at org.testng.internal.TestMethodWorker.invokeTestMethods(TestMethodWorker.java:126)
	at org.testng.internal.TestMethodWorker.run(TestMethodWorker.java:109)
	at org.testng.TestRunner.privateRun(TestRunner.java:744)
	at org.testng.TestRunner.run(TestRunner.java:602)
	at org.testng.SuiteRunner.runTest(SuiteRunner.java:380)
	at org.testng.SuiteRunner.runSequentially(SuiteRunner.java:375)
	at org.testng.SuiteRunner.privateRun(SuiteRunner.java:340)
	at org.testng.SuiteRunner.run(SuiteRunner.java:289)
	at org.testng.SuiteRunnerWorker.runSuite(SuiteRunnerWorker.java:52)
	at org.testng.SuiteRunnerWorker.run(SuiteRunnerWorker.java:86)
	at org.testng.TestNG.runSuitesSequentially(TestNG.java:1301)
	at org.testng.TestNG.runSuitesLocally(TestNG.java:1226)
	at org.testng.TestNG.runSuites(TestNG.java:1144)
	at org.testng.TestNG.run(TestNG.java:1115)
	at org.testng.remote.AbstractRemoteTestNG.run(AbstractRemoteTestNG.java:132)
	at org.testng.remote.RemoteTestNG.initAndRun(RemoteTestNG.java:230)
	at org.testng.remote.RemoteTestNG.main(RemoteTestNG.java:76)
]]>
            </full-stacktrace>
          </exception> <!-- junit.framework.ComparisonFailure -->
          <reporter-output>
          </reporter-output>
        </test-method> <!-- logIn -->
        <test-method status="PASS" signature="pim()[pri:2, instance:com.OHRM.OHRM_AddEmployee@cb5822]" name="pim" duration-ms="251" started-at="2020-06-14T17:09:19Z" finished-at="2020-06-14T17:09:19Z">
          <reporter-output>
          </reporter-output>
        </test-method> <!-- pim -->
        <test-method status="PASS" signature="addEmployee()[pri:3, instance:com.OHRM.OHRM_AddEmployee@cb5822]" name="addEmployee" duration-ms="28819" started-at="2020-06-14T17:09:19Z" finished-at="2020-06-14T17:09:48Z">
          <reporter-output>
          </reporter-output>
        </test-method> <!-- addEmployee -->
        <test-method status="PASS" signature="tearDown()[pri:0, instance:com.OHRM.OHRM_AddEmployee@cb5822]" name="tearDown" is-config="true" duration-ms="3417" started-at="2020-06-14T17:09:48Z" finished-at="2020-06-14T17:09:51Z">
          <reporter-output>
          </reporter-output>
        </test-method> <!-- tearDown -->
      </class> <!-- com.OHRM.OHRM_AddEmployee -->
    </test> <!-- Default test -->
  </suite> <!-- Default suite -->
</testng-results>
